2023-12-06 00:20:55,159 INFO Логи для теста
2023-12-06 00:20:55,160 INFO Выбор режима работы
2023-12-06 00:20:58,804 ERROR Ошибка выбора режима работы
2023-12-06 00:20:58,804 INFO Выбор режима работы
2023-12-06 00:21:04,155 ERROR Ошибка выбора режима работы
2023-12-06 00:21:04,156 INFO Выбор режима работы
2023-12-06 00:21:08,637 ERROR Ошибка выбора режима работы
2023-12-06 00:21:08,637 INFO Выбор режима работы
2023-12-06 00:21:10,152 INFO Выбранный режим - 1. Поиск столицы
2023-12-06 00:21:10,152 INFO Запрос страны
2023-12-06 00:21:20,865 INFO Введенная страна - Япония
2023-12-06 00:21:20,866 INFO Выведенная столица - Токио
2023-12-06 00:21:23,051 INFO Продолжение работы
2023-12-06 00:21:23,051 INFO 
2023-12-06 00:21:23,052 INFO Выбранный режим - 1. Поиск столицы
2023-12-06 00:21:23,052 INFO Запрос страны
2023-12-06 00:21:29,399 ERROR Ошибка ввода страны
2023-12-06 00:21:29,399 INFO Запрос страны
2023-12-06 00:21:36,300 ERROR Ошибка ввода страны
2023-12-06 00:21:36,300 INFO Запрос страны
2023-12-06 00:21:39,291 INFO Введенная страна - Россия
2023-12-06 00:21:39,291 INFO Выведенная столица - Москва
2023-12-06 00:21:40,641 INFO Остановка работы
2023-12-06 00:21:40,641 INFO 
2023-12-06 00:22:22,215 INFO Логи для теста
2023-12-06 00:22:22,215 INFO Выбор режима работы
2023-12-06 00:22:24,172 INFO Выбранный режим - 2. Поиск страны
2023-12-06 00:22:24,172 INFO Запрос столицы
2023-12-06 00:22:29,077 ERROR Ошибка ввода столицы
2023-12-06 00:22:29,077 INFO Запрос столицы
2023-12-06 00:22:33,128 INFO Введенная столица - Москва
2023-12-06 00:22:33,128 INFO Выведенная страна - Россия
2023-12-06 00:22:34,908 INFO Продолжение работы
2023-12-06 00:22:34,908 INFO 
2023-12-06 00:22:34,908 INFO Выбранный режим - 2. Поиск страны
2023-12-06 00:22:34,908 INFO Запрос столицы
2023-12-06 00:22:42,176 ERROR Ошибка ввода столицы
2023-12-06 00:22:42,176 INFO Запрос столицы
2023-12-06 00:22:52,214 INFO Введенная столица - Токио
2023-12-06 00:22:52,214 INFO Выведенная страна - Япония
2023-12-06 00:22:54,670 INFO Остановка работы
2023-12-06 00:22:54,670 INFO 
